#
# A fatal error has been detected by the Java Runtime Environment:
#
#  SIGSEGV (0xb) at pc=0x00007f36db0f5550, pid=27335, tid=139873099892480
#
# JRE version: Java(TM) SE Runtime Environment (8.0_74-b02) (build 1.8.0_74-b02)
# Java VM: Java HotSpot(TM) 64-Bit Server VM (25.74-b02 mixed mode linux-amd64 compressed oops)
# Problematic frame:
# V  [libjvm.so+0x8a6550]  Method::checked_resolve_jmethod_id(_jmethodID*)+0x20
#
# Failed to write core dump. Core dumps have been disabled. To enable core dumping, try "ulimit -c unlimited" before starting Java again
#
# If you would like to submit a bug report, please visit:
#   http://bugreport.java.com/bugreport/crash.jsp
#

---------------  T H R E A D  ---------------

Current thread (0x00007f36d40c4800):  JavaThread "JDWP Transport Listener: dt_socket" daemon [_thread_in_vm, id=27353, stack(0x00007f36be5ec000,0x00007f36be6ed000)]

siginfo: si_signo: 11 (SIGSEGV), si_code: 128 (SI_KERNEL), si_addr: 0x0000000000000000

Registers:
RAX=0x0000000000000001, RBX=0x00007f36d40035e0, RCX=0x00007f36dc1ff2c0, RDX=0x00007f36db8047a0
RSP=0x00007f36be6eb6d0, RBP=0x00007f36be6eb6e0, RSI=0x00007f36d40c4800, RDI=0x61636f4c246c6f6f
R8 =0x00007f369802fea0, R9 =0x0000000000000000, R10=0x0000000000000010, R11=0x00007f36db98bc08
R12=0x0000000000000017, R13=0x61636f4c246c6f6f, R14=0x00007f36d40c4800, R15=0x00007f36be6eb7e7
RIP=0x00007f36db0f5550, EFLAGS=0x0000000000010206, CSGSFS=0x002b000000000033, ERR=0x0000000000000000
  TRAPNO=0x000000000000000d

Top of Stack: (sp=0x00007f36be6eb6d0)
0x00007f36be6eb6d0:   0000000000000074 00007f36d40035e0
0x00007f36be6eb6e0:   00007f36be6eb750 00007f36daf85cae
0x00007f36be6eb6f0:   0000000000000073 00007f36be6eb700
0x00007f36be6eb700:   00007f36d40c4800 0000000000000000
0x00007f36be6eb710:   00007f3600000000 0000000000000000
0x00007f36be6eb720:   00007f36be6eb740 00007f36d9f07e40
0x00007f36be6eb730:   61636f4c246c6f6f 00007f36be6eb7e7
0x00007f36be6eb740:   0000000000000006 00007f36be6eb7e7
0x00007f36be6eb750:   00007f36be6eb780 00007f36d9cf38c2
0x00007f36be6eb760:   00007f36be6eb780 61636f4c246c6f6f
0x00007f36be6eb770:   00007f36be6eb850 0000000000000030
0x00007f36be6eb780:   00007f36be6eb810 00007f36d9cd4aa0
0x00007f36be6eb790:   00007f36be6eb7c8 00007f36be6eb7c0
0x00007f36be6eb7a0:   00007f36be6eb7b8 00007f36be6eb7dc
0x00007f36be6eb7b0:   0000000198009630 0000000000000000
0x00007f36be6eb7c0:   0000000000000000 0000000000000000
0x00007f36be6eb7d0:   00007f369801f4d0 0000000abe6eb850
0x00007f36be6eb7e0:   000000000000000b 0000000000000002
0x00007f36be6eb7f0:   000000000000000f 0000000000000002
0x00007f36be6eb800:   00000000000f0200 000000000000000f
0x00007f36be6eb810:   00007f36be6eba60 00007f36d9cdf9c6
0x00007f36be6eb820:   0000574d00000013 00007f36da0f0200
0x00007f36be6eb830:   00007f3690000fb0 00007f36d9f07e40
0x00007f36be6eb840:   00007f36be6eb850 00007f36be6eb9e0
0x00007f36be6eb850:   00007f36980312d7 00007f3600000241
0x00007f36be6eb860:   00007f369802fce0 000000000000012c
0x00007f36be6eb870:   00007f36be6eb8a0 00007f369802fce0
0x00007f36be6eb880:   00007f0000000000 0000574d0000001c
0x00007f36be6eb890:   00007f360000b980 00007f36be6eb8a0
0x00007f36be6eb8a0:   367f00000b000000 04000000c03c0098
0x00007f36be6eb8b0:   160000006e69616d 2f6176616a4c5b28
0x00007f36be6eb8c0:   7274532f676e616c 000056293b676e69 

Instructions: (pc=0x00007f36db0f5550)
0x00007f36db0f5530:   55 48 89 e5 53 48 83 ec 08 48 85 ff 75 12 31 db
0x00007f36db0f5540:   48 89 d8 48 83 c4 08 5b c9 c3 66 0f 1f 44 00 00
0x00007f36db0f5550:   48 8b 1f 48 85 db 74 e6 48 83 fb 37 74 e0 48 8b
0x00007f36db0f5560:   03 48 89 df ff 50 10 84 c0 0f 1f 80 00 00 00 00 

Register to memory mapping:

RAX=0x0000000000000001 is an unknown value
RBX=0x00007f36d40035e0 is an unknown value
RCX=0x00007f36dc1ff2c0: <offset 0x2182c0> in /lib/x86_64-linux-gnu/libpthread.so.0 at 0x00007f36dbfe7000
RDX=0x00007f36db8047a0: <offset 0xfb57a0> in /usr/lib/jvm/java-8-oracle/jre/lib/amd64/server/libjvm.so at 0x00007f36da84f000
RSP=0x00007f36be6eb6d0 is pointing into the stack for thread: 0x00007f36d40c4800
RBP=0x00007f36be6eb6e0 is pointing into the stack for thread: 0x00007f36d40c4800
RSI=0x00007f36d40c4800 is a thread
RDI=0x61636f4c246c6f6f is an unknown value
R8 =0x00007f369802fea0 is an unknown value
R9 =0x0000000000000000 is an unknown value
R10=0x0000000000000010 is an unknown value
R11=0x00007f36db98bc08: <offset 0x15cc08> in /lib/x86_64-linux-gnu/libc.so.6 at 0x00007f36db82f000
R12=0x0000000000000017 is an unknown value
R13=0x61636f4c246c6f6f is an unknown value
R14=0x00007f36d40c4800 is a thread
R15=0x00007f36be6eb7e7 is pointing into the stack for thread: 0x00007f36d40c4800


Stack: [0x00007f36be5ec000,0x00007f36be6ed000],  sp=0x00007f36be6eb6d0,  free space=1021k
Native frames: (J=compiled Java code, j=interpreted, Vv=VM code, C=native code)
V  [libjvm.so+0x8a6550]  Method::checked_resolve_jmethod_id(_jmethodID*)+0x20
V  [libjvm.so+0x736cae]  jvmti_IsMethodSynthetic+0x2be
C  [libjdwp.so+0x258c2]  isMethodSynthetic+0x42
C  [libjdwp.so+0x6aa0]  methods1+0x1b0
C  [libjdwp.so+0x119c6]  debugLoop_run+0x2b6
C  [libjdwp.so+0x247ff]  attachThread+0x2f
V  [libjvm.so+0x7a3432]  JvmtiAgentThread::call_start_function()+0xc2
V  [libjvm.so+0xa69dcf]  JavaThread::thread_main_inner()+0xdf
V  [libjvm.so+0xa69efc]  JavaThread::run()+0x11c
V  [libjvm.so+0x91d9d8]  java_start(Thread*)+0x108
C  [libpthread.so.0+0x7424]  start_thread+0xc4


---------------  P R O C E S S  ---------------

Java Threads: ( => current thread )
  0x00007f36d40d2800 JavaThread "Service Thread" daemon [_thread_blocked, id=27365, stack(0x00007f36bdfe6000,0x00007f36be0e7000)]
  0x00007f36d40cf000 JavaThread "C1 CompilerThread2" daemon [_thread_blocked, id=27364, stack(0x00007f36be0e7000,0x00007f36be1e8000)]
  0x00007f36d40cd800 JavaThread "C2 CompilerThread1" daemon [_thread_blocked, id=27363, stack(0x00007f36be1e8000,0x00007f36be2e9000)]
  0x00007f36d40ca800 JavaThread "C2 CompilerThread0" daemon [_thread_blocked, id=27362, stack(0x00007f36be2e9000,0x00007f36be3ea000)]
  0x00007f3698001000 JavaThread "JDWP Command Reader" daemon [_thread_in_native, id=27357, stack(0x00007f36be3ea000,0x00007f36be4eb000)]
  0x00007f36d40c8000 JavaThread "JDWP Event Helper Thread" daemon [_thread_blocked, id=27355, stack(0x00007f36be4eb000,0x00007f36be5ec000)]
=>0x00007f36d40c4800 JavaThread "JDWP Transport Listener: dt_socket" daemon [_thread_in_vm, id=27353, stack(0x00007f36be5ec000,0x00007f36be6ed000)]
  0x00007f36d40b8000 JavaThread "Signal Dispatcher" daemon [_thread_blocked, id=27351, stack(0x00007f36be8f1000,0x00007f36be9f2000)]
  0x00007f36d4086000 JavaThread "Finalizer" daemon [_thread_blocked, id=27350, stack(0x00007f36be9f2000,0x00007f36beaf3000)]
  0x00007f36d4081800 JavaThread "Reference Handler" daemon [_thread_blocked, id=27349, stack(0x00007f36beaf3000,0x00007f36bebf4000)]
  0x00007f36d400c000 JavaThread "main" [_thread_blocked, id=27341, stack(0x00007f36dc300000,0x00007f36dc401000)]

Other Threads:
  0x00007f36d407a000 VMThread [stack: 0x00007f36bebf4000,0x00007f36becf5000] [id=27348]
  0x00007f36d40d5800 WatcherThread [stack: 0x00007f36bdee5000,0x00007f36bdfe6000] [id=27366]

VM state:not at safepoint (normal execution)

VM Mutex/Monitor currently owned by a thread: None

Heap:
 PSYoungGen      total 56320K, used 7813K [0x0000000781a00000, 0x0000000785880000, 0x00000007c0000000)
  eden space 48640K, 16% used [0x0000000781a00000,0x00000007821a1678,0x0000000784980000)
  from space 7680K, 0% used [0x0000000785100000,0x0000000785100000,0x0000000785880000)
  to   space 7680K, 0% used [0x0000000784980000,0x0000000784980000,0x0000000785100000)
 ParOldGen       total 128512K, used 0K [0x0000000704e00000, 0x000000070cb80000, 0x0000000781a00000)
  object space 128512K, 0% used [0x0000000704e00000,0x0000000704e00000,0x000000070cb80000)
 Metaspace       used 6126K, capacity 6308K, committed 6400K, reserved 1056768K
  class space    used 692K, capacity 766K, committed 768K, reserved 1048576K

Card table byte_map: [0x00007f36d853d000,0x00007f36d8b17000] byte_map_base: 0x00007f36d4d16000

Marking Bits: (ParMarkBitMap*) 0x00007f36db804260
 Begin Bits: [0x00007f36aa270000, 0x00007f36ad138000)
 End Bits:   [0x00007f36ad138000, 0x00007f36b0000000)

Polling page: 0x00007f36dc423000

CodeCache: size=245760Kb used=1866Kb max_used=1876Kb free=243893Kb
 bounds [0x00007f36c5000000, 0x00007f36c5270000, 0x00007f36d4000000]
 total_blobs=670 nmethods=379 adapters=213
 compilation: enabled

Compilation events (10 events):
Event: 1260.581 Thread 0x00007f36d40cf000  377       1       java.lang.invoke.MethodTypeForm::basicType (5 bytes)
Event: 1260.581 Thread 0x00007f36d40cf000 nmethod 377 0x00007f36c51c3590 code [0x00007f36c51c36e0, 0x00007f36c51c37f0]
Event: 1260.581 Thread 0x00007f36d40cf000  366       1       java.lang.invoke.LambdaForm::arity (5 bytes)
Event: 1260.582 Thread 0x00007f36d40cf000 nmethod 366 0x00007f36c51d0dd0 code [0x00007f36c51d0f20, 0x00007f36c51d1030]
Event: 1260.585 Thread 0x00007f36d40cd800 nmethod 367 0x00007f36c51d4210 code [0x00007f36c51d4380, 0x00007f36c51d48f8]
Event: 1260.589 Thread 0x00007f36d40ca800 nmethod 370 0x00007f36c51d22d0 code [0x00007f36c51d2440, 0x00007f36c51d2a18]
Event: 1269.557 Thread 0x00007f36d40cf000  378       3       java.util.AbstractList::<init> (10 bytes)
Event: 1269.557 Thread 0x00007f36d40cf000 nmethod 378 0x00007f36c51d1c50 code [0x00007f36c51d1dc0, 0x00007f36c51d1fd0]
Event: 1423.981 Thread 0x00007f36d40cf000  379       3       java.util.regex.Matcher::getTextLength (10 bytes)
Event: 1423.982 Thread 0x00007f36d40cf000 nmethod 379 0x00007f36c51d1810 code [0x00007f36c51d1980, 0x00007f36c51d1ba8]

GC Heap History (0 events):
No events

Deoptimization events (1 events):
Event: 0.352 Thread 0x00007f36d400c000 Uncommon trap: reason=unstable_if action=reinterpret pc=0x00007f36c516cc78 method=org.sqlite.SQLiteJDBCLoader.contentsEquals(Ljava/io/InputStream;Ljava/io/InputStream;)Z @ 39

Internal exceptions (8 events):
Event: 0.025 Thread 0x00007f36d400c000 Exception <a 'java/lang/NoSuchMethodError': Method sun.misc.Unsafe.defineClass(Ljava/lang/String;[BII)Ljava/lang/Class; name or signature does not match> (0x0000000781a07cc0) thrown at [/HUDSON3/workspace/8-2-build-linux-amd64/jdk8u74/6087/hotspot/src/sha
Event: 0.025 Thread 0x00007f36d400c000 Exception <a 'java/lang/NoSuchMethodError': Method sun.misc.Unsafe.prefetchRead(Ljava/lang/Object;J)V name or signature does not match> (0x0000000781a07fa8) thrown at [/HUDSON3/workspace/8-2-build-linux-amd64/jdk8u74/6087/hotspot/src/share/vm/prims/jni.cp
Event: 0.173 Thread 0x00007f36d400c000 Exception <a 'java/security/PrivilegedActionException'> (0x0000000781a97150) thrown at [/HUDSON3/workspace/8-2-build-linux-amd64/jdk8u74/6087/hotspot/src/share/vm/prims/jvm.cpp, line 1386]
Event: 0.173 Thread 0x00007f36d400c000 Exception <a 'java/security/PrivilegedActionException'> (0x0000000781a97360) thrown at [/HUDSON3/workspace/8-2-build-linux-amd64/jdk8u74/6087/hotspot/src/share/vm/prims/jvm.cpp, line 1386]
Event: 0.175 Thread 0x00007f36d400c000 Exception <a 'java/security/PrivilegedActionException'> (0x0000000781a99a78) thrown at [/HUDSON3/workspace/8-2-build-linux-amd64/jdk8u74/6087/hotspot/src/share/vm/prims/jvm.cpp, line 1386]
Event: 0.175 Thread 0x00007f36d400c000 Exception <a 'java/security/PrivilegedActionException'> (0x0000000781a99c88) thrown at [/HUDSON3/workspace/8-2-build-linux-amd64/jdk8u74/6087/hotspot/src/share/vm/prims/jvm.cpp, line 1386]
Event: 1260.527 Thread 0x00007f36d400c000 Exception <a 'java/lang/NoSuchFieldError': method resolution failed> (0x0000000782025618) thrown at [/HUDSON3/workspace/8-2-build-linux-amd64/jdk8u74/6087/hotspot/src/share/vm/prims/methodHandles.cpp, line 1146]
Event: 1260.539 Thread 0x00007f36d400c000 Exception <a 'java/lang/NoSuchFieldError': method resolution failed> (0x0000000782032a18) thrown at [/HUDSON3/workspace/8-2-build-linux-amd64/jdk8u74/6087/hotspot/src/share/vm/prims/methodHandles.cpp, line 1146]

Events (10 events):
Event: 2128.500 Executing VM operation: GetCurrentLocation
Event: 2128.500 Executing VM operation: GetCurrentLocation done
Event: 2128.500 Executing VM operation: EnterInterpOnlyMode
Event: 2128.500 Executing VM operation: EnterInterpOnlyMode done
Event: 2128.500 Executing VM operation: ChangeSingleStep
Event: 2128.500 Executing VM operation: ChangeSingleStep done
Event: 2128.500 Executing VM operation: ChangeSingleStep
Event: 2128.500 Executing VM operation: ChangeSingleStep done
Event: 2128.511 Executing VM operation: RedefineClasses
Event: 2128.514 Executing VM operation: RedefineClasses done


Dynamic libraries:
00400000-00401000 r-xp 00000000 08:04 2652926                            /usr/lib/jvm/java-8-oracle/bin/java
00600000-00601000 rw-p 00000000 08:04 2652926                            /usr/lib/jvm/java-8-oracle/bin/java
0203c000-0205d000 rw-p 00000000 00:00 0                                  [heap]
704e00000-70cb80000 rw-p 00000000 00:00 0 
70cb80000-781a00000 ---p 00000000 00:00 0 
781a00000-785880000 rw-p 00000000 00:00 0 
785880000-7c0000000 ---p 00000000 00:00 0 
7c0000000-7c00c0000 rw-p 00000000 00:00 0 
7c00c0000-800000000 ---p 00000000 00:00 0 
7f3674000000-7f3674021000 rw-p 00000000 00:00 0 
7f3674021000-7f3678000000 ---p 00000000 00:00 0 
7f367c000000-7f367c26d000 rw-p 00000000 00:00 0 
7f367c26d000-7f3680000000 ---p 00000000 00:00 0 
7f3680000000-7f3680021000 rw-p 00000000 00:00 0 
7f3680021000-7f3684000000 ---p 00000000 00:00 0 
7f3684000000-7f368405a000 rw-p 00000000 00:00 0 
7f368405a000-7f3688000000 ---p 00000000 00:00 0 
7f3688000000-7f3688091000 rw-p 00000000 00:00 0 
7f3688091000-7f368c000000 ---p 00000000 00:00 0 
7f368c000000-7f368c026000 rw-p 00000000 00:00 0 
7f368c026000-7f3690000000 ---p 00000000 00:00 0 
7f3690000000-7f3690021000 rw-p 00000000 00:00 0 
7f3690021000-7f3694000000 ---p 00000000 00:00 0 
7f3694000000-7f3694021000 rw-p 00000000 00:00 0 
7f3694021000-7f3698000000 ---p 00000000 00:00 0 
7f3698000000-7f36982db000 rw-p 00000000 00:00 0 
7f36982db000-7f369c000000 ---p 00000000 00:00 0 
7f369c000000-7f369c021000 rw-p 00000000 00:00 0 
7f369c021000-7f36a0000000 ---p 00000000 00:00 0 
7f36a0000000-7f36a0021000 rw-p 00000000 00:00 0 
7f36a0021000-7f36a4000000 ---p 00000000 00:00 0 
7f36a4000000-7f36a4021000 rw-p 00000000 00:00 0 
7f36a4021000-7f36a8000000 ---p 00000000 00:00 0 
7f36aa270000-7f36b0000000 rw-p 00000000 00:00 0 
7f36b0000000-7f36b0021000 rw-p 00000000 00:00 0 
7f36b0021000-7f36b4000000 ---p 00000000 00:00 0 
7f36b4000000-7f36b4021000 rw-p 00000000 00:00 0 
7f36b4021000-7f36b8000000 ---p 00000000 00:00 0 
7f36b8000000-7f36b8021000 rw-p 00000000 00:00 0 
7f36b8021000-7f36bc000000 ---p 00000000 00:00 0 
7f36bdbfb000-7f36bdce0000 r-xp 00000000 08:04 2504996                    /tmp/sqlite-3.20.0-d1dd63d0-9442-4dbf-ab03-db6a6babb4d8-libsqlitejdbc.so
7f36bdce0000-7f36bdedf000 ---p 000e5000 08:04 2504996                    /tmp/sqlite-3.20.0-d1dd63d0-9442-4dbf-ab03-db6a6babb4d8-libsqlitejdbc.so
7f36bdedf000-7f36bdee4000 rw-p 000e4000 08:04 2504996                    /tmp/sqlite-3.20.0-d1dd63d0-9442-4dbf-ab03-db6a6babb4d8-libsqlitejdbc.so
7f36bdee4000-7f36bdee5000 rw-p 00000000 00:00 0 
7f36bdee5000-7f36bdee6000 ---p 00000000 00:00 0 
7f36bdee6000-7f36bdfe6000 rw-p 00000000 00:00 0 
7f36bdfe6000-7f36bdfe9000 ---p 00000000 00:00 0 
7f36bdfe9000-7f36be0e7000 rw-p 00000000 00:00 0 
7f36be0e7000-7f36be0ea000 ---p 00000000 00:00 0 
7f36be0ea000-7f36be1e8000 rw-p 00000000 00:00 0 
7f36be1e8000-7f36be1eb000 ---p 00000000 00:00 0 
7f36be1eb000-7f36be2e9000 rw-p 00000000 00:00 0 
7f36be2e9000-7f36be2ec000 ---p 00000000 00:00 0 
7f36be2ec000-7f36be3ea000 rw-p 00000000 00:00 0 
7f36be3ea000-7f36be3ed000 ---p 00000000 00:00 0 
7f36be3ed000-7f36be4eb000 rw-p 00000000 00:00 0 
7f36be4eb000-7f36be4ee000 ---p 00000000 00:00 0 
7f36be4ee000-7f36be5ec000 rw-p 00000000 00:00 0 
7f36be5ec000-7f36be5ef000 ---p 00000000 00:00 0 
7f36be5ef000-7f36be6ed000 rw-p 00000000 00:00 0 
7f36be6ed000-7f36be6f1000 r-xp 00000000 08:04 2653049                    /usr/lib/jvm/java-8-oracle/jre/lib/amd64/libdt_socket.so
7f36be6f1000-7f36be8f0000 ---p 00004000 08:04 2653049                    /usr/lib/jvm/java-8-oracle/jre/lib/amd64/libdt_socket.so
7f36be8f0000-7f36be8f1000 rw-p 00003000 08:04 2653049                    /usr/lib/jvm/java-8-oracle/jre/lib/amd64/libdt_socket.so
7f36be8f1000-7f36be8f4000 ---p 00000000 00:00 0 
7f36be8f4000-7f36be9f2000 rw-p 00000000 00:00 0 
7f36be9f2000-7f36be9f5000 ---p 00000000 00:00 0 
7f36be9f5000-7f36beaf3000 rw-p 00000000 00:00 0 
7f36beaf3000-7f36beaf6000 ---p 00000000 00:00 0 
7f36beaf6000-7f36bebf4000 rw-p 00000000 00:00 0 
7f36bebf4000-7f36bebf5000 ---p 00000000 00:00 0 
7f36bebf5000-7f36bfd80000 rw-p 00000000 00:00 0 
7f36bfd80000-7f36c0000000 ---p 00000000 00:00 0 
7f36c0000000-7f36c0021000 rw-p 00000000 00:00 0 
7f36c0021000-7f36c4000000 ---p 00000000 00:00 0 
7f36c402d000-7f36c44d6000 rw-p 00000000 00:00 0 
7f36c44d6000-7f36c46ae000 r--s 03d1d000 08:04 2653002                    /usr/lib/jvm/java-8-oracle/jre/lib/rt.jar
7f36c46ae000-7f36c4cfd000 rw-p 00000000 00:00 0 
7f36c4cfd000-7f36c4cfe000 ---p 00000000 00:00 0 
7f36c4cfe000-7f36c4dfe000 rw-p 00000000 00:00 0 
7f36c4dfe000-7f36c4dff000 ---p 00000000 00:00 0 
7f36c4dff000-7f36c4eff000 rw-p 00000000 00:00 0 
7f36c4eff000-7f36c4f00000 ---p 00000000 00:00 0 
7f36c4f00000-7f36c5000000 rw-p 00000000 00:00 0 
7f36c5000000-7f36c5270000 rwxp 00000000 00:00 0 
7f36c5270000-7f36d4000000 ---p 00000000 00:00 0 
7f36d4000000-7f36d443f000 rw-p 00000000 00:00 0 
7f36d443f000-7f36d8000000 ---p 00000000 00:00 0 
7f36d8007000-7f36d8056000 rw-p 00000000 00:00 0 
7f36d8056000-7f36d8057000 ---p 00000000 00:00 0 
7f36d8057000-7f36d8196000 rw-p 00000000 00:00 0 
7f36d8196000-7f36d853d000 ---p 00000000 00:00 0 
7f36d853d000-7f36d857c000 rw-p 00000000 00:00 0 
7f36d857c000-7f36d8923000 ---p 00000000 00:00 0 
7f36d8923000-7f36d8943000 rw-p 00000000 00:00 0 
7f36d8943000-7f36d8b16000 ---p 00000000 00:00 0 
7f36d8b16000-7f36d8b21000 rw-p 00000000 00:00 0 
7f36d8b21000-7f36d8ed7000 ---p 00000000 00:00 0 
7f36d8ed7000-7f36d8ef1000 r-xp 00000000 08:04 2653031                    /usr/lib/jvm/java-8-oracle/jre/lib/amd64/libzip.so
7f36d8ef1000-7f36d90f1000 ---p 0001a000 08:04 2653031                    /usr/lib/jvm/java-8-oracle/jre/lib/amd64/libzip.so
7f36d90f1000-7f36d90f2000 rw-p 0001a000 08:04 2653031                    /usr/lib/jvm/java-8-oracle/jre/lib/amd64/libzip.so
7f36d90f2000-7f36d90fc000 r-xp 00000000 08:04 931094                     /lib/x86_64-linux-gnu/libnss_files-2.24.so
7f36d90fc000-7f36d92fc000 ---p 0000a000 08:04 931094                     /lib/x86_64-linux-gnu/libnss_files-2.24.so
7f36d92fc000-7f36d92fd000 r--p 0000a000 08:04 931094                     /lib/x86_64-linux-gnu/libnss_files-2.24.so
7f36d92fd000-7f36d92fe000 rw-p 0000b000 08:04 931094                     /lib/x86_64-linux-gnu/libnss_files-2.24.so
7f36d92fe000-7f36d9304000 rw-p 00000000 00:00 0 
7f36d9304000-7f36d930f000 r-xp 00000000 08:04 931096                     /lib/x86_64-linux-gnu/libnss_nis-2.24.so
7f36d930f000-7f36d950e000 ---p 0000b000 08:04 931096                     /lib/x86_64-linux-gnu/libnss_nis-2.24.so
7f36d950e000-7f36d950f000 r--p 0000a000 08:04 931096                     /lib/x86_64-linux-gnu/libnss_nis-2.24.so
7f36d950f000-7f36d9510000 rw-p 0000b000 08:04 931096                     /lib/x86_64-linux-gnu/libnss_nis-2.24.so
7f36d9510000-7f36d9524000 r-xp 00000000 08:04 931091                     /lib/x86_64-linux-gnu/libnsl-2.24.so
7f36d9524000-7f36d9724000 ---p 00014000 08:04 931091                     /lib/x86_64-linux-gnu/libnsl-2.24.so
7f36d9724000-7f36d9725000 r--p 00014000 08:04 931091                     /lib/x86_64-linux-gnu/libnsl-2.24.so
7f36d9725000-7f36d9726000 rw-p 00015000 08:04 931091                     /lib/x86_64-linux-gnu/libnsl-2.24.so
7f36d9726000-7f36d9728000 rw-p 00000000 00:00 0 
7f36d9728000-7f36d972f000 r-xp 00000000 08:04 931092                     /lib/x86_64-linux-gnu/libnss_compat-2.24.so
7f36d972f000-7f36d992e000 ---p 00007000 08:04 931092                     /lib/x86_64-linux-gnu/libnss_compat-2.24.so
7f36d992e000-7f36d992f000 r--p 00006000 08:04 931092                     /lib/x86_64-linux-gnu/libnss_compat-2.24.so
7f36d992f000-7f36d9930000 rw-p 00007000 08:04 931092                     /lib/x86_64-linux-gnu/libnss_compat-2.24.so
7f36d9930000-7f36d9acb000 r--p 00000000 08:04 2621609                    /usr/lib/locale/locale-archive
7f36d9acb000-7f36d9acd000 r-xp 00000000 08:04 2653039                    /usr/lib/jvm/java-8-oracle/jre/lib/amd64/libnpt.so
7f36d9acd000-7f36d9ccd000 ---p 00002000 08:04 2653039                    /usr/lib/jvm/java-8-oracle/jre/lib/amd64/libnpt.so
7f36d9ccd000-7f36d9cce000 rw-p 00002000 08:04 2653039                    /usr/lib/jvm/java-8-oracle/jre/lib/amd64/libnpt.so
7f36d9cce000-7f36d9d07000 r-xp 00000000 08:04 2653007                    /usr/lib/jvm/java-8-oracle/jre/lib/amd64/libjdwp.so
7f36d9d07000-7f36d9f06000 ---p 00039000 08:04 2653007                    /usr/lib/jvm/java-8-oracle/jre/lib/amd64/libjdwp.so
7f36d9f06000-7f36d9f08000 rw-p 00038000 08:04 2653007                    /usr/lib/jvm/java-8-oracle/jre/lib/amd64/libjdwp.so
7f36d9f08000-7f36d9f32000 r-xp 00000000 08:04 2653057                    /usr/lib/jvm/java-8-oracle/jre/lib/amd64/libjava.so
7f36d9f32000-7f36da132000 ---p 0002a000 08:04 2653057                    /usr/lib/jvm/java-8-oracle/jre/lib/amd64/libjava.so
7f36da132000-7f36da134000 rw-p 0002a000 08:04 2653057                    /usr/lib/jvm/java-8-oracle/jre/lib/amd64/libjava.so
7f36da134000-7f36da141000 r-xp 00000000 08:04 2653011                    /usr/lib/jvm/java-8-oracle/jre/lib/amd64/libverify.so
7f36da141000-7f36da341000 ---p 0000d000 08:04 2653011                    /usr/lib/jvm/java-8-oracle/jre/lib/amd64/libverify.so
7f36da341000-7f36da343000 rw-p 0000d000 08:04 2653011                    /usr/lib/jvm/java-8-oracle/jre/lib/amd64/libverify.so
7f36da343000-7f36da34a000 r-xp 00000000 08:04 931101                     /lib/x86_64-linux-gnu/librt-2.24.so
7f36da34a000-7f36da549000 ---p 00007000 08:04 931101                     /lib/x86_64-linux-gnu/librt-2.24.so
7f36da549000-7f36da54a000 r--p 00006000 08:04 931101                     /lib/x86_64-linux-gnu/librt-2.24.so
7f36da54a000-7f36da54b000 rw-p 00007000 08:04 931101                     /lib/x86_64-linux-gnu/librt-2.24.so
7f36da54b000-7f36da64e000 r-xp 00000000 08:04 931088                     /lib/x86_64-linux-gnu/libm-2.24.so
7f36da64e000-7f36da84d000 ---p 00103000 08:04 931088                     /lib/x86_64-linux-gnu/libm-2.24.so
7f36da84d000-7f36da84e000 r--p 00102000 08:04 931088                     /lib/x86_64-linux-gnu/libm-2.24.so
7f36da84e000-7f36da84f000 rw-p 00103000 08:04 931088                     /lib/x86_64-linux-gnu/libm-2.24.so
7f36da84f000-7f36db50e000 r-xp 00000000 08:04 2653061                    /usr/lib/jvm/java-8-oracle/jre/lib/amd64/server/libjvm.so
7f36db50e000-7f36db70d000 ---p 00cbf000 08:04 2653061                    /usr/lib/jvm/java-8-oracle/jre/lib/amd64/server/libjvm.so
7f36db70d000-7f36db7e6000 rw-p 00cbe000 08:04 2653061                    /usr/lib/jvm/java-8-oracle/jre/lib/amd64/server/libjvm.so
7f36db7e6000-7f36db82f000 rw-p 00000000 00:00 0 
7f36db82f000-7f36db9c4000 r-xp 00000000 08:04 931084                     /lib/x86_64-linux-gnu/libc-2.24.so
7f36db9c4000-7f36dbbc3000 ---p 00195000 08:04 931084                     /lib/x86_64-linux-gnu/libc-2.24.so
7f36dbbc3000-7f36dbbc7000 r--p 00194000 08:04 931084                     /lib/x86_64-linux-gnu/libc-2.24.so
7f36dbbc7000-7f36dbbc9000 rw-p 00198000 08:04 931084                     /lib/x86_64-linux-gnu/libc-2.24.so
7f36dbbc9000-7f36dbbcd000 rw-p 00000000 00:00 0 
7f36dbbcd000-7f36dbbcf000 r-xp 00000000 08:04 931087                     /lib/x86_64-linux-gnu/libdl-2.24.so
7f36dbbcf000-7f36dbdcf000 ---p 00002000 08:04 931087                     /lib/x86_64-linux-gnu/libdl-2.24.so
7f36dbdcf000-7f36dbdd0000 r--p 00002000 08:04 931087                     /lib/x86_64-linux-gnu/libdl-2.24.so
7f36dbdd0000-7f36dbdd1000 rw-p 00003000 08:04 931087                     /lib/x86_64-linux-gnu/libdl-2.24.so
7f36dbdd1000-7f36dbde6000 r-xp 00000000 08:04 2640091                    /usr/lib/jvm/java-8-oracle/lib/amd64/jli/libjli.so
7f36dbde6000-7f36dbfe6000 ---p 00015000 08:04 2640091                    /usr/lib/jvm/java-8-oracle/lib/amd64/jli/libjli.so
7f36dbfe6000-7f36dbfe7000 rw-p 00015000 08:04 2640091                    /usr/lib/jvm/java-8-oracle/lib/amd64/jli/libjli.so
7f36dbfe7000-7f36dbfff000 r-xp 00000000 08:04 931099                     /lib/x86_64-linux-gnu/libpthread-2.24.so
7f36dbfff000-7f36dc1fe000 ---p 00018000 08:04 931099                     /lib/x86_64-linux-gnu/libpthread-2.24.so
7f36dc1fe000-7f36dc1ff000 r--p 00017000 08:04 931099                     /lib/x86_64-linux-gnu/libpthread-2.24.so
7f36dc1ff000-7f36dc200000 rw-p 00018000 08:04 931099                     /lib/x86_64-linux-gnu/libpthread-2.24.so
7f36dc200000-7f36dc204000 rw-p 00000000 00:00 0 
7f36dc204000-7f36dc227000 r-xp 00000000 08:04 931080                     /lib/x86_64-linux-gnu/ld-2.24.so
7f36dc242000-7f36dc300000 rw-p 00000000 00:00 0 
7f36dc300000-7f36dc303000 ---p 00000000 00:00 0 
7f36dc303000-7f36dc403000 rw-p 00000000 00:00 0 
7f36dc412000-7f36dc416000 r--s 00097000 08:04 2652954                    /usr/lib/jvm/java-8-oracle/jre/lib/jsse.jar
7f36dc416000-7f36dc41a000 r--s 00651000 08:04 677312                     /home/thiago/Documents/projeto_tcc/metricas_tcc/lib/sqlite-jdbc-3.20.0.jar
7f36dc41a000-7f36dc422000 rw-s 00000000 08:04 2490703                    /tmp/hsperfdata_thiago/27335
7f36dc422000-7f36dc423000 rw-p 00000000 00:00 0 
7f36dc423000-7f36dc424000 r--p 00000000 00:00 0 
7f36dc424000-7f36dc427000 rw-p 00000000 00:00 0 
7f36dc427000-7f36dc428000 r--p 00023000 08:04 931080                     /lib/x86_64-linux-gnu/ld-2.24.so
7f36dc428000-7f36dc429000 rw-p 00024000 08:04 931080                     /lib/x86_64-linux-gnu/ld-2.24.so
7f36dc429000-7f36dc42a000 rw-p 00000000 00:00 0 
7ffed228c000-7ffed22ad000 rw-p 00000000 00:00 0                          [stack]
7ffed236d000-7ffed236f000 r--p 00000000 00:00 0                          [vvar]
7ffed236f000-7ffed2371000 r-xp 00000000 00:00 0                          [vdso]
ffffffffff600000-ffffffffff601000 r-xp 00000000 00:00 0                  [vsyscall]

VM Arguments:
jvm_args: -agentlib:jdwp=transport=dt_socket,suspend=y,address=localhost:43593 -Dfile.encoding=UTF-8 -Dawt.useSystemAAFontSettings=gasp 
java_command: tcc_metricas.Main
java_class_path (initial): /home/thiago/Documents/projeto_tcc/metricas_tcc/bin:/home/thiago/Documents/projeto_tcc/metricas_tcc/lib/sqlite-jdbc-3.20.0.jar
Launcher Type: SUN_STANDARD

Environment Variables:
JAVA_HOME=/usr/lib/jvm/java-8-oracle
_JAVA_OPTIONS=  -Dawt.useSystemAAFontSettings=gasp
PATH=/usr/local/bin:/usr/bin:/bin:/usr/local/games:/usr/games:/sbin:/usr/sbin:/usr/lib/jvm/java-8-oracle/bin:/usr/lib/jvm/java-8-oracle/db/bin:/usr/lib/jvm/java-8-oracle/jre/bin
SHELL=/bin/bash
DISPLAY=:0

Signal Handlers:
SIGSEGV: [libjvm.so+0xabb070], sa_mask[0]=11111111011111111101111111111110, sa_flags=SA_RESTART|SA_SIGINFO
SIGBUS: [libjvm.so+0xabb070], sa_mask[0]=11111111011111111101111111111110, sa_flags=SA_RESTART|SA_SIGINFO
SIGFPE: [libjvm.so+0x918480], sa_mask[0]=11111111011111111101111111111110, sa_flags=SA_RESTART|SA_SIGINFO
SIGPIPE: [libjvm.so+0x918480], sa_mask[0]=11111111011111111101111111111110, sa_flags=SA_RESTART|SA_SIGINFO
SIGXFSZ: [libjvm.so+0x918480], sa_mask[0]=11111111011111111101111111111110, sa_flags=SA_RESTART|SA_SIGINFO
SIGILL: [libjvm.so+0x918480], sa_mask[0]=11111111011111111101111111111110, sa_flags=SA_RESTART|SA_SIGINFO
SIGUSR1: SIG_DFL, sa_mask[0]=00000000000000000000000000000000, sa_flags=none
SIGUSR2: [libjvm.so+0x919ab0], sa_mask[0]=00100000000000000000000000000000, sa_flags=SA_RESTART|SA_SIGINFO
SIGHUP: SIG_IGN, sa_mask[0]=00000000000000000000000000000000, sa_flags=none
SIGINT: [libjvm.so+0x91aeb0], sa_mask[0]=11111111011111111101111111111110, sa_flags=SA_RESTART|SA_SIGINFO
SIGTERM: [libjvm.so+0x91aeb0], sa_mask[0]=11111111011111111101111111111110, sa_flags=SA_RESTART|SA_SIGINFO
SIGQUIT: [libjvm.so+0x91aeb0], sa_mask[0]=11111111011111111101111111111110, sa_flags=SA_RESTART|SA_SIGINFO


---------------  S Y S T E M  ---------------

OS:DISTRIB_ID=Deepin
DISTRIB_RELEASE=15.4.1
DISTRIB_DESCRIPTION="Deepin 15.4.1 "
DISTRIB_CODENAME=unstable

uname:Linux 4.9.0-deepin12-amd64 #1 SMP PREEMPT Deepin 4.9.40-3 (2017-09-19) x86_64
libc:glibc 2.24 NPTL 2.24 
rlimit: STACK 8192k, CORE 0k, NPROC 47711, NOFILE 1048576, AS infinity
load average:0.56 0.71 0.75

/proc/meminfo:
MemTotal:       12257164 kB
MemFree:         3800496 kB
MemAvailable:    7298360 kB
Buffers:          280916 kB
Cached:          3693812 kB
SwapCached:            0 kB
Active:          5837600 kB
Inactive:        2122960 kB
Active(anon):    3988396 kB
Inactive(anon):   404092 kB
Active(file):    1849204 kB
Inactive(file):  1718868 kB
Unevictable:         616 kB
Mlocked:             616 kB
SwapTotal:             0 kB
SwapFree:              0 kB
Dirty:               724 kB
Writeback:             0 kB
AnonPages:       3986484 kB
Mapped:          1151680 kB
Shmem:            406660 kB
Slab:             303772 kB
SReclaimable:     252836 kB
SUnreclaim:        50936 kB
KernelStack:       14784 kB
PageTables:        60240 kB
NFS_Unstable:          0 kB
Bounce:                0 kB
WritebackTmp:          0 kB
CommitLimit:     6128580 kB
Committed_AS:   10957988 kB
VmallocTotal:   34359738367 kB
VmallocUsed:           0 kB
VmallocChunk:          0 kB
HardwareCorrupted:     0 kB
AnonHugePages:         0 kB
ShmemHugePages:        0 kB
ShmemPmdMapped:        0 kB
HugePages_Total:       0
HugePages_Free:        0
HugePages_Rsvd:        0
HugePages_Surp:        0
Hugepagesize:       2048 kB
DirectMap4k:      305920 kB
DirectMap2M:    12226560 kB


CPU:total 4 (2 cores per cpu, 2 threads per core) family 6 model 58 stepping 9, cmov, cx8, fxsr, mmx, sse, sse2, sse3, ssse3, sse4.1, sse4.2, popcnt, avx, aes, clmul, erms, ht, tsc, tscinvbit, tscinv

/proc/cpuinfo:
processor	: 0
vendor_id	: GenuineIntel
cpu family	: 6
model		: 58
model name	: Intel(R) Core(TM) i5-3230M CPU @ 2.60GHz
stepping	: 9
microcode	: 0x1c
cpu MHz		: 1500.000
cache size	: 3072 KB
physical id	: 0
siblings	: 4
core id		: 0
cpu cores	: 2
apicid		: 0
initial apicid	: 0
fpu		: yes
fpu_exception	: yes
cpuid level	: 13
wp		: yes
flags		: fpu vme de pse tsc msr pae mce cx8 apic sep mtrr pge mca cmov pat pse36 clflush dts acpi mmx fxsr sse sse2 ss ht tm pbe syscall nx rdtscp lm constant_tsc arch_perfmon pebs bts rep_good nopl xtopology nonstop_tsc aperfmperf eagerfpu pni pclmulqdq dtes64 monitor ds_cpl vmx est tm2 ssse3 cx16 xtpr pdcm pcid sse4_1 sse4_2 x2apic popcnt tsc_deadline_timer aes xsave avx f16c rdrand lahf_lm epb tpr_shadow vnmi flexpriority ept vpid fsgsbase smep erms xsaveopt dtherm ida arat pln pts
bugs		:
bogomips	: 5188.51
clflush size	: 64
cache_alignment	: 64
address sizes	: 36 bits physical, 48 bits virtual
power management:

processor	: 1
vendor_id	: GenuineIntel
cpu family	: 6
model		: 58
model name	: Intel(R) Core(TM) i5-3230M CPU @ 2.60GHz
stepping	: 9
microcode	: 0x1c
cpu MHz		: 2500.000
cache size	: 3072 KB
physical id	: 0
siblings	: 4
core id		: 0
cpu cores	: 2
apicid		: 1
initial apicid	: 1
fpu		: yes
fpu_exception	: yes
cpuid level	: 13
wp		: yes
flags		: fpu vme de pse tsc msr pae mce cx8 apic sep mtrr pge mca cmov pat pse36 clflush dts acpi mmx fxsr sse sse2 ss ht tm pbe syscall nx rdtscp lm constant_tsc arch_perfmon pebs bts rep_good nopl xtopology nonstop_tsc aperfmperf eagerfpu pni pclmulqdq dtes64 monitor ds_cpl vmx est tm2 ssse3 cx16 xtpr pdcm pcid sse4_1 sse4_2 x2apic popcnt tsc_deadline_timer aes xsave avx f16c rdrand lahf_lm epb tpr_shadow vnmi flexpriority ept vpid fsgsbase smep erms xsaveopt dtherm ida arat pln pts
bugs		:
bogomips	: 5188.51
clflush size	: 64
cache_alignment	: 64
address sizes	: 36 bits physical, 48 bits virtual
power management:

processor	: 2
vendor_id	: GenuineIntel
cpu family	: 6
model		: 58
model name	: Intel(R) Core(TM) i5-3230M CPU @ 2.60GHz
stepping	: 9
microcode	: 0x1c
cpu MHz		: 2500.000
cache size	: 3072 KB
physical id	: 0
siblings	: 4
core id		: 1
cpu cores	: 2
apicid		: 2
initial apicid	: 2
fpu		: yes
fpu_exception	: yes
cpuid level	: 13
wp		: yes
flags		: fpu vme de pse tsc msr pae mce cx8 apic sep mtrr pge mca cmov pat pse36 clflush dts acpi mmx fxsr sse sse2 ss ht tm pbe syscall nx rdtscp lm constant_tsc arch_perfmon pebs bts rep_good nopl xtopology nonstop_tsc aperfmperf eagerfpu pni pclmulqdq dtes64 monitor ds_cpl vmx est tm2 ssse3 cx16 xtpr pdcm pcid sse4_1 sse4_2 x2apic popcnt tsc_deadline_timer aes xsave avx f16c rdrand lahf_lm epb tpr_shadow vnmi flexpriority ept vpid fsgsbase smep erms xsaveopt dtherm ida arat pln pts
bugs		:
bogomips	: 5188.51
clflush size	: 64
cache_alignment	: 64
address sizes	: 36 bits physical, 48 bits virtual
power management:

processor	: 3
vendor_id	: GenuineIntel
cpu family	: 6
model		: 58
model name	: Intel(R) Core(TM) i5-3230M CPU @ 2.60GHz
stepping	: 9
microcode	: 0x1c
cpu MHz		: 1400.000
cache size	: 3072 KB
physical id	: 0
siblings	: 4
core id		: 1
cpu cores	: 2
apicid		: 3
initial apicid	: 3
fpu		: yes
fpu_exception	: yes
cpuid level	: 13
wp		: yes
flags		: fpu vme de pse tsc msr pae mce cx8 apic sep mtrr pge mca cmov pat pse36 clflush dts acpi mmx fxsr sse sse2 ss ht tm pbe syscall nx rdtscp lm constant_tsc arch_perfmon pebs bts rep_good nopl xtopology nonstop_tsc aperfmperf eagerfpu pni pclmulqdq dtes64 monitor ds_cpl vmx est tm2 ssse3 cx16 xtpr pdcm pcid sse4_1 sse4_2 x2apic popcnt tsc_deadline_timer aes xsave avx f16c rdrand lahf_lm epb tpr_shadow vnmi flexpriority ept vpid fsgsbase smep erms xsaveopt dtherm ida arat pln pts
bugs		:
bogomips	: 5188.51
clflush size	: 64
cache_alignment	: 64
address sizes	: 36 bits physical, 48 bits virtual
power management:



Memory: 4k page, physical 12257164k(3800496k free), swap 0k(0k free)

vm_info: Java HotSpot(TM) 64-Bit Server VM (25.74-b02) for linux-amd64 JRE (1.8.0_74-b02), built on Jan 29 2016 19:20:56 by "java_re" with gcc 4.3.0 20080428 (Red Hat 4.3.0-8)

time: Tue Oct 10 22:05:48 2017
elapsed time: 2128 seconds (0d 0h 35m 28s)

